<?xml version="1.0" encoding="UTF-8"?>
<!-- Generated by org.testng.reporters.JUnitReportReporter -->
<testsuite hostname="LAPTOP-TOIRVPML" failures="0" tests="1" name="test.TestNG_Demo2" time="0.000" errors="0" timestamp="2021-01-07T11:23:22 IST" skipped="1">
  <testcase classname="test.TestNG_Demo2" name="googleSearch2" time="0.000">
    <skipped/>
  </testcase> <!-- googleSearch2 -->
  <system-out/>
</testsuite> <!-- test.TestNG_Demo2 -->
